[    0.000000] Initializing cgroup subsys cpuset
[    0.000000] Initializing cgroup subsys cpu
[    0.000000] Initializing cgroup subsys cpuacct
[    0.000000] Linux version 4.4.0-184-generic (buildd@lgw01-amd64-060) (gcc version 5.4.0 20160609 (Ubuntu 5.4.0-6ubuntu1~16.04.12) ) #214-Ubuntu SMP Thu Jun 4 10:14:11 UTC 2020 (Ubuntu 4.4.0-184.214-generic 4.4.223)
[    0.000000] Command line: BOOT_IMAGE=/boot/vmlinuz-4.4.0-184-generic root=LABEL=cloudimg-rootfs ro console=tty1 console=ttyS0
[    0.000000] KERNEL supported cpus:
[    0.000000]   Intel GenuineIntel
[    0.000000]   AMD AuthenticAMD
[    0.000000]   Centaur CentaurHauls
[    0.000000] ------------[ cut here ]------------
[    0.000000] WARNING: CPU: 0 PID: 0 at /build/linux-Rd9wHg/linux-4.4.0/arch/x86/kernel/fpu/xstate.c:517 fpu__init_system_xstate+0x37e/0x764()
[    0.000000] XSAVE consistency problem, dumping leaves
[    0.000000] Modules linked in:
[    0.000000] CPU: 0 PID: 0 Comm: swapper Not tainted 4.4.0-184-generic #214-Ubuntu
[    0.000000]  0000000000000086 da549fceeb5bee4d ffffffff81e03d80 ffffffff8140dc9b
[    0.000000]  ffffffff81e03dc8 ffffffff81cb3a78 ffffffff81e03db8 ffffffff810864b2
[    0.000000]  0000000000000008 0000000000000340 0000000000000100 ffffffff81e03e4c
[    0.000000] Call Trace:
[    0.000000]  [<ffffffff8140dc9b>] dump_stack+0x6d/0x92
[    0.000000]  [<ffffffff810864b2>] warn_slowpath_common+0x82/0xc0
[    0.000000]  [<ffffffff8108654c>] warn_slowpath_fmt+0x5c/0x80
[    0.000000]  [<ffffffff81081fa6>] ? xfeature_size+0x59/0x77
[    0.000000]  [<ffffffff81f783fb>] fpu__init_system_xstate+0x37e/0x764
[    0.000000]  [<ffffffff81f68120>] ? early_idt_handler_array+0x120/0x120
[    0.000000]  [<ffffffff81f77e04>] fpu__init_system+0x1e7/0x28e
[    0.000000]  [<ffffffff81f79123>] early_cpu_init+0x330/0x335
[    0.000000]  [<ffffffff81f79123>] ? early_cpu_init+0x330/0x335
[    0.000000]  [<ffffffff81f743a7>] setup_arch+0xc0/0xd1f
[    0.000000]  [<ffffffff81f68120>] ? early_idt_handler_array+0x120/0x120
[    0.000000]  [<ffffffff81f68c16>] start_kernel+0xe2/0x4a4
[    0.000000]  [<ffffffff81f68120>] ? early_idt_handler_array+0x120/0x120
[    0.000000]  [<ffffffff81f682da>] x86_64_start_reservations+0x2a/0x2c
[    0.000000]  [<ffffffff81f68426>] x86_64_start_kernel+0x14a/0x16d
[    0.000000] ---[ end trace 4d5ff9f2f68c4233 ]---
[    0.000000] CPUID[0d, 00]: eax=00000007 ebx=00000440 ecx=00000440 edx=00000000
[    0.000000] CPUID[0d, 01]: eax=00000000 ebx=00000440 ecx=00000000 edx=00000000
[    0.000000] CPUID[0d, 02]: eax=00000100 ebx=00000240 ecx=00000000 edx=00000000
[    0.000000] CPUID[0d, 03]: eax=00000000 ebx=00000000 ecx=00000000 edx=00000000
[    0.000000] CPUID[0d, 04]: eax=00000000 ebx=00000000 ecx=00000000 edx=00000000
[    0.000000] CPUID[0d, 05]: eax=00000000 ebx=00000000 ecx=00000000 edx=00000000
[    0.000000] CPUID[0d, 06]: eax=00000000 ebx=00000000 ecx=00000000 edx=00000000
[    0.000000] CPUID[0d, 07]: eax=00000000 ebx=00000000 ecx=00000000 edx=00000000
[    0.000000] CPUID[0d, 08]: eax=00000000 ebx=00000000 ecx=00000000 edx=00000000
[    0.000000] CPUID[0d, 09]: eax=00000000 ebx=00000000 ecx=00000000 edx=00000000
[    0.000000] CPUID[0d, 0a]: eax=00000000 ebx=00000000 ecx=00000000 edx=00000000
[    0.000000] CPUID[0d, 0b]: eax=00000000 ebx=00000000 ecx=00000000 edx=00000000
[    0.000000] CPUID[0d, 0c]: eax=00000000 ebx=00000000 ecx=00000000 edx=00000000
[    0.000000] CPUID[0d, 0d]: eax=00000000 ebx=00000000 ecx=00000000 edx=00000000
[    0.000000] CPUID[0d, 0e]: eax=00000000 ebx=00000000 ecx=00000000 edx=00000000
[    0.000000] CPUID[0d, 0f]: eax=00000000 ebx=00000000 ecx=00000000 edx=00000000
[    0.000000] CPUID[0d, 10]: eax=00000000 ebx=00000000 ecx=00000000 edx=00000000
[    0.000000] CPUID[0d, 11]: eax=00000000 ebx=00000000 ecx=00000000 edx=00000000
[    0.000000] x86/fpu: xstate_offset[2]:  576, xstate_sizes[2]:  256
[    0.000000] x86/fpu: Supporting XSAVE feature 0x01: 'x87 floating point registers'
[    0.000000] x86/fpu: Supporting XSAVE feature 0x02: 'SSE registers'
[    0.000000] x86/fpu: Supporting XSAVE feature 0x04: 'AVX registers'
[    0.000000] x86/fpu: Enabled xstate features 0x7, context size is 1088 bytes, using 'standard' format.
[    0.000000] e820: BIOS-provided physical RAM map:
[    0.000000] BIOS-e820: [mem 0x0000000000000000-0x000000000009fbff] usable
[    0.000000] BIOS-e820: [mem 0x000000000009fc00-0x000000000009ffff] reserved
[    0.000000] BIOS-e820: [mem 0x00000000000f0000-0x00000000000fffff] reserved
[    0.000000] BIOS-e820: [mem 0x0000000000100000-0x000000003ffeffff] usable
[    0.000000] BIOS-e820: [mem 0x000000003fff0000-0x000000003fffffff] ACPI data
[    0.000000] BIOS-e820: [mem 0x00000000fec00000-0x00000000fec00fff] reserved
[    0.000000] BIOS-e820: [mem 0x00000000fee00000-0x00000000fee00fff] reserved
[    0.000000] BIOS-e820: [mem 0x00000000fffc0000-0x00000000ffffffff] reserved
[    0.000000] NX (Execute Disable) protection: active
[    0.000000] SMBIOS 2.5 present.
[    0.000000] Hypervisor detected: KVM
[    0.000000] e820: last_pfn = 0x3fff0 max_arch_pfn = 0x400000000
[    0.000000] MTRR: Disabled
[    0.000000] x86/PAT: MTRRs disabled, skipping PAT initialization too.
[    0.000000] CPU MTRRs all blank - virtualized system.
[    0.000000] x86/PAT: Configuration [0-7]: WB  WT  UC- UC  WB  WT  UC- UC  
[    0.000000] found SMP MP-table at [mem 0x0009fff0-0x0009ffff] mapped at [ffff88000009fff0]
[    0.000000] Scanning 1 areas for low memory corruption
[    0.000000] RAMDISK: [mem 0x362de000-0x37166fff]
[    0.000000] ACPI: Early table checksum verification disabled
[    0.000000] ACPI: RSDP 0x00000000000E0000 000024 (v02 VBOX  )
[    0.000000] ACPI: XSDT 0x000000003FFF0030 00003C (v01 VBOX   VBOXXSDT 00000001 ASL  00000061)
[    0.000000] ACPI: FACP 0x000000003FFF00F0 0000F4 (v04 VBOX   VBOXFACP 00000001 ASL  00000061)
[    0.000000] ACPI: DSDT 0x000000003FFF0470 0021FF (v02 VBOX   VBOXBIOS 00000002 INTL 20100528)
[    0.000000] ACPI: FACS 0x000000003FFF0200 000040
[    0.000000] ACPI: FACS 0x000000003FFF0200 000040
[    0.000000] ACPI: APIC 0x000000003FFF0240 00005C (v02 VBOX   VBOXAPIC 00000001 ASL  00000061)
[    0.000000] ACPI: SSDT 0x000000003FFF02A0 0001CC (v01 VBOX   VBOXCPUT 00000002 INTL 20100528)
[    0.000000] No NUMA configuration found
[    0.000000] Faking a node at [mem 0x0000000000000000-0x000000003ffeffff]
[    0.000000] NODE_DATA(0) allocated [mem 0x3ffeb000-0x3ffeffff]
[    0.000000] kvm-clock: Using msrs 4b564d01 and 4b564d00
[    0.000000] kvm-clock: cpu 0, msr 0:3ffe3001, primary cpu clock
[    0.000000] kvm-clock: using sched offset of 4440033341 cycles
[    0.000000] clocksource: kvm-clock: mask: 0xffffffffffffffff max_cycles: 0x1cd42e4dffb, max_idle_ns: 881590591483 ns
[    0.000000] Zone ranges:
[    0.000000]   DMA      [mem 0x0000000000001000-0x0000000000ffffff]
[    0.000000]   DMA32    [mem 0x0000000001000000-0x000000003ffeffff]
[    0.000000]   Normal   empty
[    0.000000]   Device   empty
[    0.000000] Movable zone start for each node
[    0.000000] Early memory node ranges
[    0.000000]   node   0: [mem 0x0000000000001000-0x000000000009efff]
[    0.000000]   node   0: [mem 0x0000000000100000-0x000000003ffeffff]
[    0.000000] Initmem setup node 0 [mem 0x0000000000001000-0x000000003ffeffff]
[    0.000000] ACPI: PM-Timer IO Port: 0x4008
[    0.000000] IOAPIC[0]: apic_id 2, version 32, address 0xfec00000, GSI 0-23
[    0.000000] ACPI: INT_SRC_OVR (bus 0 bus_irq 0 global_irq 2 dfl dfl)
[    0.000000] ACPI: INT_SRC_OVR (bus 0 bus_irq 9 global_irq 9 high level)
[    0.000000] Using ACPI (MADT) for SMP configuration information
[    0.000000] smpboot: Allowing 2 CPUs, 0 hotplug CPUs
[    0.000000] PM: Registered nosave memory: [mem 0x00000000-0x00000fff]
[    0.000000] PM: Registered nosave memory: [mem 0x0009f000-0x0009ffff]
[    0.000000] PM: Registered nosave memory: [mem 0x000a0000-0x000effff]
[    0.000000] PM: Registered nosave memory: [mem 0x000f0000-0x000fffff]
[    0.000000] e820: [mem 0x40000000-0xfebfffff] available for PCI devices
[    0.000000] Booting paravirtualized kernel on KVM
[    0.000000] clocksource: refined-jiffies: mask: 0xffffffff max_cycles: 0xffffffff, max_idle_ns: 7645519600211568 ns
[    0.000000] setup_percpu: NR_CPUS:512 nr_cpumask_bits:512 nr_cpu_ids:2 nr_node_ids:1
[    0.000000] PERCPU: Embedded 33 pages/cpu @ffff88003fc00000 s95448 r8192 d31528 u1048576
[    0.000000] Built 1 zonelists in Node order, mobility grouping on.  Total pages: 257912
[    0.000000] Policy zone: DMA32
[    0.000000] Kernel command line: BOOT_IMAGE=/boot/vmlinuz-4.4.0-184-generic root=LABEL=cloudimg-rootfs ro console=tty1 console=ttyS0
[    0.000000] PID hash table entries: 4096 (order: 3, 32768 bytes)
[    0.000000] Memory: 997664K/1048120K available (8632K kernel code, 1336K rwdata, 4036K rodata, 1492K init, 1292K bss, 50456K reserved, 0K cma-reserved)
[    0.000000] SLUB: HWalign=64, Order=0-3, MinObjects=0, CPUs=2, Nodes=1
[    0.000000] Kernel/User page tables isolation: enabled
[    0.000000] Hierarchical RCU implementation.
[    0.000000] 	Build-time adjustment of leaf fanout to 64.
[    0.000000] 	RCU restricting CPUs from NR_CPUS=512 to nr_cpu_ids=2.
[    0.000000] RCU: Adjusting geometry for rcu_fanout_leaf=64, nr_cpu_ids=2
[    0.000000] NR_IRQS:33024 nr_irqs:440 16
[    0.000000] Console: colour VGA+ 80x25
[    0.000000] console [tty1] enabled
[    0.000000] console [ttyS0] enabled
[    0.000000] tsc: Detected 1992.001 MHz processor
[    7.741245] Calibrating delay loop (skipped) preset value.. 3984.00 BogoMIPS (lpj=7968004)
[    7.806103] pid_max: default: 32768 minimum: 301
[    7.833369] ACPI: Core revision 20150930
[    7.900685] ACPI: 2 ACPI AML tables successfully acquired and loaded
[    7.988263] Security Framework initialized
[    8.030342] Yama: becoming mindful.
[    8.100629] AppArmor: AppArmor initialized
[    8.167185] Dentry cache hash table entries: 131072 (order: 8, 1048576 bytes)
[    8.277000] Inode-cache hash table entries: 65536 (order: 7, 524288 bytes)
[    8.394535] Mount-cache hash table entries: 2048 (order: 2, 16384 bytes)
[    8.465818] Mountpoint-cache hash table entries: 2048 (order: 2, 16384 bytes)
[    8.566915] Initializing cgroup subsys io
[    8.628289] Initializing cgroup subsys memory
[    8.693392] Initializing cgroup subsys devices
[    8.737984] Initializing cgroup subsys freezer
[    8.764816] Initializing cgroup subsys net_cls
[    8.799860] Initializing cgroup subsys perf_event
[    8.847179] Initializing cgroup subsys net_prio
[    8.937431] Initializing cgroup subsys hugetlb
[    9.013189] Initializing cgroup subsys pids
[    9.086351] mce: CPU supports 0 MCE banks
[    9.141323] Last level iTLB entries: 4KB 64, 2MB 8, 4MB 8
[    9.221326] Last level dTLB entries: 4KB 64, 2MB 0, 4MB 0, 1GB 4
[    9.288588] Spectre V1 : Mitigation: usercopy/swapgs barriers and __user pointer sanitization
[    9.368100] Spectre V2 : Mitigation: Full generic retpoline
[    9.471248] Spectre V2 : Spectre v2 / SpectreRSB mitigation: Filling RSB on context switch
[    9.642311] Speculative Store Bypass: Vulnerable
[    9.745195] SRBDS: Unknown: Dependent on hypervisor status
[    9.884357] MDS: Vulnerable: Clear CPU buffers attempted, no microcode
[   10.020528] Freeing SMP alternatives memory: 36K
[   10.148842] ftrace: allocating 32319 entries in 127 pages
[   10.389999] smpboot: APIC(0) Converting physical 0 to logical package 0
[   10.528927] smpboot: Max logical packages: 1
[   10.588845] x2apic enabled
[   10.625378] Switched APIC routing to physical x2apic.
[   10.685131] ..TIMER: vector=0x30 apic1=0 pin1=2 apic2=-1 pin2=-1
[   10.916604] smpboot: CPU0: Intel(R) Core(TM) i7-8550U CPU @ 1.80GHz (family: 0x6, model: 0x8e, stepping: 0xa)
[   11.110386] Performance Events: unsupported p6 CPU model 142 no PMU driver, software events only.
[   11.285170] KVM setup paravirtual spinlock
[   11.365863] x86: Booting SMP configuration:
[   11.443748] .... node  #0, CPUs:      #1
[   11.523731] kvm-clock: cpu 1, msr 0:3ffe3041, secondary cpu clock
[   11.652357] mce: CPU supports 0 MCE banks
[   11.743080] x86: Booted up 1 node, 2 CPUs
[   11.857401] smpboot: Total of 2 processors activated (7968.00 BogoMIPS)
[   11.957968] devtmpfs: initialized
[   12.055312] evm: security.selinux
[   12.151291] evm: security.SMACK64
[   12.246472] evm: security.SMACK64EXEC
[   12.324801] evm: security.SMACK64TRANSMUTE
[   12.418115] evm: security.SMACK64MMAP
[   12.481693] evm: security.ima
[   12.513870] evm: security.capability
[   12.526081] clocksource: jiffies: mask: 0xffffffff max_cycles: 0xffffffff, max_idle_ns: 7645041785100000 ns
[   12.732920] futex hash table entries: 512 (order: 3, 32768 bytes)
[   12.793508] pinctrl core: initialized pinctrl subsystem
[   12.836727] RTC time: 22:56:41, date: 06/16/20
[   12.916217] NET: Registered protocol family 16
[   12.988465] cpuidle: using governor ladder
[   13.032429] cpuidle: using governor menu
[   13.080449] PCCT header not found.
[   13.123370] ACPI: bus type PCI registered
[   13.176294] acpiphp: ACPI Hot Plug PCI Controller Driver version: 0.5
[   13.252543] PCI: Using configuration type 1 for base access
[   13.292386] ACPI: Added _OSI(Module Device)
[   13.357264] ACPI: Added _OSI(Processor Device)
[   13.380632] ACPI: Added _OSI(3.0 _SCP Extensions)
[   13.400264] ACPI: Added _OSI(Processor Aggregator Device)
[   13.463585] ACPI: Executed 1 blocks of module-level executable AML code
[   13.524386] ACPI: Interpreter enabled
[   13.574842] ACPI: (supports S0 S5)
[   13.642474] ACPI: Using IOAPIC for interrupt routing
[   13.714939] PCI: Using host bridge windows from ACPI; if necessary, use "pci=nocrs" and report a bug
[   13.830000] ACPI: PCI Root Bridge [PCI0] (domain 0000 [bus 00-ff])
[   13.975433] acpi PNP0A03:00: _OSC: OS supports [ASPM ClockPM Segments MSI]
[   14.132880] acpi PNP0A03:00: _OSC: not requesting OS control; OS requires [ExtendedConfig ASPM ClockPM MSI]
[   14.305630] acpi PNP0A03:00: fail to add MMCONFIG information, can't access extended PCI configuration space under this bridge.
[   14.491366] PCI host bridge to bus 0000:00
[   14.550690] pci_bus 0000:00: root bus resource [io  0x0000-0x0cf7 window]
[   14.655767] pci_bus 0000:00: root bus resource [io  0x0d00-0xffff window]
[   14.754369] pci_bus 0000:00: root bus resource [mem 0x000a0000-0x000bffff window]
[   14.826083] pci_bus 0000:00: root bus resource [mem 0x40000000-0xffdfffff window]
[   14.877480] pci_bus 0000:00: root bus resource [bus 00-ff]
[   14.952115] pci 0000:00:01.1: legacy IDE quirk: reg 0x10: [io  0x01f0-0x01f7]
[   15.015171] pci 0000:00:01.1: legacy IDE quirk: reg 0x14: [io  0x03f6]
[   15.159008] pci 0000:00:01.1: legacy IDE quirk: reg 0x18: [io  0x0170-0x0177]
[   15.262017] pci 0000:00:01.1: legacy IDE quirk: reg 0x1c: [io  0x0376]
[   15.359501] pci 0000:00:07.0: quirk: [io  0x4000-0x403f] claimed by PIIX4 ACPI
[   15.425815] pci 0000:00:07.0: quirk: [io  0x4100-0x410f] claimed by PIIX4 SMB
[   15.637568] ACPI: PCI Interrupt Link [LNKA] (IRQs 5 9 10 *11)
[   15.821997] ACPI: PCI Interrupt Link [LNKB] (IRQs 5 9 10 *11)
[   15.980610] ACPI: PCI Interrupt Link [LNKC] (IRQs 5 9 *10 11)
[   16.070732] ACPI: PCI Interrupt Link [LNKD] (IRQs 5 *9 10 11)
[   16.073070] ACPI: Enabled 2 GPEs in block 00 to 07
[   16.077113] vgaarb: setting as boot device: PCI:0000:00:02.0
[   16.208164] vgaarb: device added: PCI:0000:00:02.0,decodes=io+mem,owns=io+mem,locks=none
[   16.341718] vgaarb: loaded
[   16.342518] vgaarb: bridge control possible 0000:00:02.0
[   16.344031] SCSI subsystem initialized
[   16.345187] ACPI: bus type USB registered
[   16.417923] usbcore: registered new interface driver usbfs
[   16.538810] usbcore: registered new interface driver hub
[   16.540234] usbcore: registered new device driver usb
[   16.625992] PCI: Using ACPI for IRQ routing
[   16.699732] NetLabel: Initializing
[   16.744709] NetLabel:  domain hash size = 128
[   16.784417] NetLabel:  protocols = UNLABELED CIPSOv4
[   16.792579] NetLabel:  unlabeled traffic allowed by default
[   16.906440] amd_nb: Cannot enumerate AMD northbridges
[   17.024066] clocksource: Switched to clocksource kvm-clock
[   17.166717] AppArmor: AppArmor Filesystem Enabled
[   17.300307] pnp: PnP ACPI init
[   17.402337] pnp: PnP ACPI: found 3 devices
[   17.517895] clocksource: acpi_pm: mask: 0xffffff max_cycles: 0xffffff, max_idle_ns: 2085701024 ns
[   17.786618] NET: Registered protocol family 2
[   17.891424] TCP established hash table entries: 8192 (order: 4, 65536 bytes)
[   18.065163] TCP bind hash table entries: 8192 (order: 5, 131072 bytes)
[   18.244169] TCP: Hash tables configured (established 8192 bind 8192)
[   18.447644] UDP hash table entries: 512 (order: 2, 16384 bytes)
[   18.625340] UDP-Lite hash table entries: 512 (order: 2, 16384 bytes)
[   18.831073] NET: Registered protocol family 1
[   18.966596] pci 0000:00:00.0: Limiting direct PCI/PCI transfers
[   19.142251] pci 0000:00:01.0: Activating ISA DMA hang workarounds
[   19.350992] Unpacking initramfs...
[   19.861225] Freeing initrd memory: 14884K
[   20.012191] clocksource: tsc: mask: 0xffffffffffffffff max_cycles: 0x396d54029a7, max_idle_ns: 881590429682 ns
[   20.310213] platform rtc_cmos: registered platform RTC device (no PNP device found)
[   20.552449] Scanning for low memory corruption every 60 seconds
[   20.776676] audit: initializing netlink subsys (disabled)
[   20.925085] audit: type=2000 audit(1592348199.078:1): initialized
[   21.008679] Initialise system trusted keyring
[   21.076487] HugeTLB registered 2 MB page size, pre-allocated 0 pages
[   21.244019] zbud: loaded
[   21.334325] VFS: Disk quotas dquot_6.6.0
[   21.462030] VFS: Dquot-cache hash table entries: 512 (order 0, 4096 bytes)
[   21.636356] squashfs: version 4.0 (2009/01/31) Phillip Lougher
[   21.852157] fuse init (API version 7.23)
[   21.906161] Key type big_key registered
[   21.981357] Allocating IMA MOK and blacklist keyrings.
[   22.073846] Key type asymmetric registered
[   22.075929] Asymmetric key parser 'x509' registered
[   22.079037] Block layer SCSI generic (bsg) driver version 0.4 loaded (major 249)
[   22.109369] io scheduler noop registered
[   22.247228] io scheduler deadline registered (default)
[   22.394511] io scheduler cfq registered
[   22.501200] pci_hotplug: PCI Hot Plug PCI Core version: 0.5
[   22.640839] pciehp: PCI Express Hot Plug Controller Driver version: 0.4
[   22.881456] ACPI: AC Adapter [AC] (off-line)
[   22.992911] input: Power Button as /devices/LNXSYSTM:00/LNXPWRBN:00/input/input0
[   23.165448] ACPI: Power Button [PWRF]
[   23.272794] input: Sleep Button as /devices/LNXSYSTM:00/LNXSLPBN:00/input/input1
[   23.460086] ACPI: Sleep Button [SLPF]
[   23.509011] ACPI: Battery Slot [BAT0] (battery present)
[   23.670760] GHES: HEST is not enabled!
[   23.745175] Serial: 8250/16550 driver, 32 ports, IRQ sharing enabled
ÿ[   23.874846] 00:02: ttyS0 at I/O 0x3f8 (irq = 4, base_baud = 115200) is a 16550A
[   24.095035] Linux agpgart interface v0.103
[   24.205857] loop: module loaded
[   24.307197] scsi host0: ata_piix
[   24.377086] scsi host1: ata_piix
[   24.484496] ata1: PATA max UDMA/33 cmd 0x1f0 ctl 0x3f6 bmdma 0xd000 irq 14
[   24.606812] ata2: PATA max UDMA/33 cmd 0x170 ctl 0x376 bmdma 0xd008 irq 15
[   24.614484] libphy: Fixed MDIO Bus: probed
[   24.624769] tun: Universal TUN/TAP device driver, 1.6
[   24.639932] tun: (C) 1999-2004 Max Krasnyansky <maxk@qualcomm.com>
[   24.657288] PPP generic driver version 2.4.2
[   24.780181] ehci_hcd: USB 2.0 'Enhanced' Host Controller (EHCI) Driver
[   24.894257] ehci-pci: EHCI PCI platform driver
[   24.923512] ehci-platform: EHCI generic platform driver
[   24.935466] ohci_hcd: USB 1.1 'Open' Host Controller (OHCI) Driver
[   25.000891] ohci-pci: OHCI PCI platform driver
[   25.090763] ohci-platform: OHCI generi platform driver
[   25.262992] uhci_hcd: USB Universal Host Controller Interface driver
[   25.428292] i8042: PNP: PS/2 Controller [PNP0303:PS2K,PNP0f03:PS2M] at 0x60,0x64 irq 1,12
[   25.580380] serio: i8042 KBD port at 0x60,0x64 irq 1
[   25.687956] serio: i8042 AUX port at 0x60,0x64 irq 12
[   25.828850] mousedev: PS/2 mouse device common for all mice
[   25.956998] rtc_cmos rtc_cmos: rtc core: registered rtc_cmos as rtc0
[   26.132392] rtc_cmos rtc_cmos: alarms up to one day, 114 bytes nvram
[   26.132512] input: AT Translated Set 2 keyboard as /devices/platform/i8042/serio0/input/input2
[   26.568243] i2c /dev entries driver
[   26.638759] device-mapper: uevent: version 1.0.3
[   26.776218] device-mapper: ioctl: 4.34.0-ioctl (2015-10-28) initialised: dm-devel@redhat.com
[   26.958616] ledtrig-cpu: registered to indicate activity on CPUs
[   27.080717] NET: Registered protocol family 10
[   27.168900] NET: Registered protocol family 17
[   27.265442] Key type dns_resolver registered
[   27.352182] registered taskstats version 1
[   27.460108] Loading compiled-in X.509 certificates
[   27.560365] Loaded X.509 cert 'Build time autogenerated kernel key: b6ae09eed57f82583ccd3c65c463e852cdd7a0b5'
[   27.829911] zswap: loaded using pool lzo/zbud
[   27.917704] Key type trusted registered
[   28.004199] Key type encrypted registered
[   28.090134] AppArmor: AppArmor sha1 policy hashing enabled
[   28.205253] ima: No TPM chip found, activating TPM-bypass!
[   28.321664] ima: Allocated hash algorithm: sha1
[   28.365582] evm: HMAC attrs: 0x1
[   28.436998]   Magic number: 8:428:957
[   28.532021] rtc_cmos rtc_cmos: setting system clock to 2020-06-16 22:56:56 UTC (1592348216)
[   28.576764] BIOS EDD facility v0.16 2004-Jun-25, 0 devices found
[   28.738367] EDD information not available.
[   28.829582] Freeing unused kernel memory: 1492K
[   28.944650] Write protecting the kernel read-only data: 14336k
[   29.076699] Freeing unused kernel memory: 1596K
[   29.159845] Freeing unused kernel memory: 60K
Loading, please [   29.301815] random: systemd-udevd: uninitialized urandom read (16 bytes read, 7 bits of entropy available)
wait...
startin[   29.302819] random: udevadm: uninitialized urandom read (16 bytes read, 7 bits of entropy available)
g version 229
[   29.302845] random: udevadm: uninitialized urandom read (16 bytes read, 7 bits of entropy available)
[   29.321603] random: udevadm: uninitialized urandom read (16 bytes read, 7 bits of entropy available)
[   29.321681] random: udevadm: uninitialized urandom read (16 bytes read, 7 bits of entropy available)
[   29.321936] random: udevadm: uninitialized urandom read (16 bytes read, 7 bits of entropy available)
[   29.322032] random: udevadm: uninitialized urandom read (16 bytes read, 7 bits of entropy available)
[   29.322500] random: udevadm: uninitialized urandom read (16 bytes read, 7 bits of entropy available)
[   29.322635] random: udevadm: uninitialized urandom read (16 bytes read, 7 bits of entropy available)
[   29.322721] random: udevadm: uninitialized urandom read (16 bytes read, 7 bits of entropy available)
[   30.843544] e1000: Intel(R) PRO/1000 Network Driver - version 7.3.21-k8-NAPI
[   30.872894] e1000: Copyright (c) 1999-2006 Intel Corporation.
[   30.884471] Fusion MPT base driver 3.04.20
[   30.889072] Copyright (c) 1999-2008 LSI Corporation
[   30.907507] AVX version of gcm_enc/dec engaged.
[   30.938478] AES CTR mode by8 optimization enabled
[   31.104886] Fusion MPT SPI Host driver 3.04.20
[   31.188144] input: ImExPS/2 Generic Explorer Mouse as /devices/platform/i8042/serio1/input/input4
[   31.398375] e1000 0000:00:03.0 eth0: (PCI:33MHz:32-bit) 02:da:92:60:70:7f
[   31.609048] e1000 0000:00:03.0 eth0: Intel(R) PRO/1000 Network Connection
[   31.816803] mptbase: ioc0: Initiating bringup
[   31.900008] e1000 0000:00:03.0 enp0s3: renamed from eth0
[   32.044984] ioc0: LSI53C1030 A0: Capabilities={Initiator}
[   32.318220] scsi host2: ioc0: LSI53C1030 A0, FwRev=00000000h, Ports=1, MaxQ=256, IRQ=20
[   32.601298] scsi 2:0:0:0: Direct-Access     VBOX     HARDDISK         1.0  PQ: 0 ANSI: 5
[   32.845589] scsi target2:0:0: Beginning Domain Validation
[   32.964769] scsi target2:0:0: Domain Validation skipping write tests
[   33.118616] scsi target2:0:0: Ending Domain Validation
[   33.245516] scsi target2:0:0: asynchronous
[   33.322402] scsi 2:0:1:0: Direct-Access     VBOX     HARDDISK         1.0  PQ: 0 ANSI: 5
[   33.364096] scsi target2:0:1: Beginning Domain Validation
[   33.370940] scsi target2:0:1: Domain Validation skipping write tests
[   33.375428] scsi target2:0:1: Ending Domain Validation
[   33.379699] scsi target2:0:1: asynchronous
[   33.410292] sd 2:0:0:0: [sda] 20971520 512-byte logical blocks: (10.7 GB/10.0 GiB)
[   33.444566] sd 2:0:0:0: Attached scsi generic sg0 type 0
[   33.577491] sd 2:0:0:0: [sda] Write Protect is off
[   33.688632] sd 2:0:1:0: Attached scsi generic sg1 type 0
[   33.762025] sd 2:0:1:0: [sdb] 20480 512-byte logical blocks: (10.5 MB/10.0 MiB)
[   33.953130] sd 2:0:0:0: [sda] Incomplete mode parameter data
[   34.043678] sd 2:0:0:0: [sda] Assuming drive cache: write through
[   34.044174] sd 2:0:1:0: [sdb] Write Protect is off
[   34.044330] sd 2:0:1:0: [sdb] Incomplete mode parameter data
[   34.044332] sd 2:0:1:0: [sdb] Assuming drive cache: write through
[   34.053075] sd 2:0:1:0: [sdb] Attached SCSI disk
[   34.549570]  sda: sda1
[   34.633230] sd 2:0:0:0: [sda] Attached SCSI disk
Begin: Loading e[   36.198026] md: linear personality registered for level -1
ssential drivers[   36.357345] md: multipath personality registered for level -4
 ... [   36.484691] md: raid0 personality registered for level 0
[   36.606722] md: raid1 personality registered for level 1
[   36.804281] raid6: sse2x1   gen()  7063 MB/s
[   36.880405] raid6: sse2x1   xor()  3860 MB/s
[   37.084095] raid6: sse2x2   gen()  6213 MB/s
[   37.268107] raid6: sse2x2   xor()  4338 MB/s
[   37.372069] raid6: sse2x4   gen() 10015 MB/s
[   37.536683] raid6: sse2x4   xor()  6160 MB/s
[   37.641443] raid6: using algorithm sse2x4 gen() 10015 MB/s
[   37.782045] raid6: .... xor() 6160 MB/s, rmw enabled
[   37.886393] raid6: using ssse3x2 recovery algorithm
[   37.970946] xor: automatically using best checksumming function:
[   38.160359]    avx       : 14944.000 MB/sec
[   38.306435] async_tx: api initialized (async)
[   38.420350] md: raid6 personality registered for level 6
[   38.538557] md: raid5 personality registered for level 5
[   38.701357] md: raid4 personality registered for level 4
[   38.783986] md: raid10 personality registered for level 10
done.
Begin: Running /scripts/init-premount ... done.
Begin: Mounting root file system ... Begin: Running /scripts/local-top ..[   38.899835] Btrfs loaded
. done.
Begin: Running /scripts/local-premount [   39.025776] EXT4-fs (sda1): mounted filesystem with ordered data mode. Opts: (null)
... Scanning for Btrfs filesystems
done.
Warning: fsck not present, so skipping root file system
done.
Begin: Running /scripts/local-bottom ... done.
Begin: Running /scripts/init-bottom ... done.
[   39.466076] systemd[1]: systemd 229 running in system mode. (+PAM +AUDIT +SELINUX +IMA +APPARMOR +SMACK +SYSVINIT +UTMP +LIBCRYPTSETUP +GCRYPT +GNUTLS +ACL +XZ -LZ4 +SECCOMP +BLKID +ELFUTILS +KMOD -IDN)
[   39.746485] systemd[1]: Detected virtualization oracle.
[   39.885038] systemd[1]: Detected architecture x86-64.

Welcome to [1mUbuntu 16.04.6 LTS[0m!

[   40.049268] systemd[1]: Set hostname to <ubuntu>.
[   40.207137] systemd[1]: Initializing machine ID from random generator.
[   40.340464] systemd[1]: Installed transient /etc/machine-id file.
[   40.426205] random: nonblocking pool is initialized
[   40.685809] systemd[1]: Set up automount Arbitrary Executable File Formats File System Automount Point.
[[0;32m  OK  [0m] Set up automount Arbitrary Executab...ats File System Automount Point.
[   41.033223] systemd[1]: Listening on LVM2 metadata daemon socket.
[[0;32m  OK  [0m] Listening on LVM2 metadata daemon socket.
[   41.316418] systemd[1]: Listening on Syslog Socket.
[[0;32m  OK  [0m] Listening on Syslog Socket.
[   41.525121] systemd[1]: Listening on /dev/initctl Compatibility Named Pipe.
[[0;32m  OK  [0m] Listening on /dev/initctl Compatibility Named Pipe.
[   41.832407] systemd[1]: Reached target User and Group Name Lookups.
[[0;32m  OK  [0m] Reached target User and Group Name Lookups.
[   42.121101] systemd[1]: Started Trigger resolvconf update for networkd DNS.
[[0;32m  OK  [0m] Started Trigger resolvconf update for networkd DNS.
[   42.444991] systemd[1]: Reached target Encrypted Volumes.
[[0;32m  OK  [0m] Reached target Encrypted Volumes.
[   42.672517] systemd[1]: Listening on udev Control Socket.
[[0;32m  OK  [0m] Listening on udev Control Socket.
[   42.921266] systemd[1]: Started Forward Password Requests to Wall Directory Watch.
[[0;32m  OK  [0m] Started Forward Password Requests to Wall Directory Watch.
[   43.188699] systemd[1]: Listening on Journal Socket (/dev/log).
[[0;32m  OK  [0m] Listening on Journal Socket (/dev/log).
[   43.436888] systemd[1]: Listening on udev Kernel Socket.
[[0;32m  OK  [0m] Listening on udev Kernel Socket.
[   43.681152] systemd[1]: Listening on LVM2 poll daemon socket.
[[0;32m  OK  [0m] Listening on LVM2 poll daemon socket.
[   43.960606] systemd[1]: Reached target System Time Synchronized.
[[0;32m  OK  [0m] Reached target System Time Synchronized.
[   44.216866] systemd[1]: Created slice User and Session Slice.
[[0;32m  OK  [0m] Created slice User and Session Slice.
[   44.393508] systemd[1]: Created slice System Slice.
[[0;32m  OK  [0m] Created slice System Slice.
[   44.568439] systemd[1]: Reached target Slices.
[[0;32m  OK  [0m] Reached target Slices.
[   44.744599] systemd[1]: Listening on Journal Socket.
[[0;32m  OK  [0m] Listening on Journal Socket.
[   44.929223] systemd[1]: Starting Set console keymap...
         Starting Set console keymap...
[   45.064538] systemd[1]: Mounting POSIX Message Queue File System...
         Mounting POSIX Message Queue File System...
[   45.209052] systemd[1]: Starting Remount Root and Kernel File Systems...
         Starting Remount[   45.342675] EXT4-fs (sda1): re-mounted. Opts: (null)
 Root and Kernel File Systems...
[   45.508322] systemd[1]: Starting Create list of required static device nodes for the current kernel...
         Starting Create list of required st... nodes for the current kernel...
[   45.800624] systemd[1]: Starting Nameserver information manager...
         Starting Nameserver information manager...
[   46.048531] systemd[1]: Starting Load Kernel Modules...
         Starting Load Ke[   46.145404] Loading iSCSI transport class v2.0-870.
rnel Modules...
[   46.323657] iscsi: registered transport (tcp)
[   46.392417] systemd[1]: Mounting Debug File System...
         Mounting Debug File System...
[   46.448306] systemd[1]: Mounting Huge Pages File System...
         Mounting Huge Pa[   46.469835] iscsi: registered transport (iser)
ges File System...
[   46.497127] systemd[1]: Starting Uncomplicated firewall...
         Starting Uncomplicated firewall...
[   46.554544] systemd[1]: Reached target Swap.
[[0;32m  OK  [0m] Reached target Swap.
[   46.571924] systemd[1]: Created slice system-serial\x2dgetty.slice.
[[0;32m  OK  [0m] Created slice system-serial\x2dgetty.slice.
[   46.724748] systemd[1]: Listening on Device-mapper event daemon FIFOs.
[[0;32m  OK  [0m] Listening on Device-mapper event daemon FIFOs.
[   46.960459] systemd[1]: Starting Monitoring of LVM2 mirrors, snapshots etc. using dmeventd or progress polling...
         Starting Monitoring of LVM2 mirrors... dmeventd or progress polling...
[   47.105740] systemd[1]: Listening on Journal Audit Socket.
[[0;32m  OK  [0m] Listening on Journal Audit Socket.
[   47.248919] systemd[1]: Starting Journal Service...
         Starting Journal Service...
[   47.434340] systemd[1]: Mounted Debug File System.
[[0;32m  OK  [0m] Mounted Debug File System.
[   47.580696] systemd[1]: Mounted POSIX Message Queue File System.
[[0;32m  OK  [0m] Mounted POSIX Message Queue File System.
[   47.825280] systemd[1]: Mounted Huge Pages File System.
[[0;32m  OK  [0m] Mounted Huge Pages File System.
[   48.033585] systemd[1]: Started Journal Service.
[[0;32m  OK  [0m] Started Journal Service.
[[0;32m  OK  [0m] Started Set console keymap.
[[0;32m  OK  [0m] Started Remount Root and Kernel File Systems.
[[0;32m  OK  [0m] Started Create list of required sta...ce nodes for the current kernel.
[[0;32m  OK  [0m] Started Load Kernel Modules.
[[0;32m  OK  [0m] Started Uncomplicated firewall.
[[0;32m  OK  [0m] Started Nameserver information manager.
[[0;32m  OK  [0m] Started LVM2 metadata daemon.
         Mounting FUSE Control File System...
         Starting Apply Kernel Variables...
         Starting Create Static Device Nodes in /dev...
         Starting udev Coldplug all Devices...
         Starting Load/Save Random Seed...
         Starting Flush Journal to Persistent Storage...
[[0;32m  OK  [0m] Mounted FUSE Control File System.
[[0;32m  OK  [0m] Started Monitoring of LVM2 mirrors,...ng dmeventd or progress polling.
[[0;32m  OK  [0m] Started Apply Kernel Variables.
[[0;32m  OK  [0m] Started Create Static Device Nodes in /dev.
[[0;32m  OK  [0m] Started Load/Save Random Seed.
[[0;32m  OK  [0m] Started udev Coldplug all Devices.
         Starting udev Kernel Device Manager...
[[0;32m  OK  [0m] Reached target Local File Systems (Pre).
[[0;32m  OK  [0m] Reached target Local File Systems.
         Starting Tell Plymouth To Write Out Runtime Data...
         Starting LSB: AppArmor initialization...
         Starting Commit a transient machine-id on disk...
         Starting Initial cloud-init job (pre-networking)...
         Starting Set console font and keymap...
[[0;32m  OK  [0m] Started udev Kernel Device Manager.
[[0;32m  OK  [0m] Started Tell Plymouth To Write Out Runtime Data.
[[0;32m  OK  [0m] Started Commit a transient machine-id on disk.
[[0;32m  OK  [0m] Started Flush Journal to Persistent Storage.
[[0;32m  OK  [0m] Found device /dev/ttyS0.
[[0;32m  OK  [0m] Listening on Load/Save RF Kill Switch Status /dev/rfkill Watch.
         Starting Create Volatile Files and Directories...
[[0;32m  OK  [0m] Started Dispatch Password Requests to Console Directory Watch.
[[0;32m  OK  [0m] Started Set console font and keymap.
[[0;32m  OK  [0m] Started Create Volatile Files and Directories.
         Starting Update UTMP about System Boot/Shutdown...
[   36.289479] cloud-init[559]: Cloud-init v. 19.4-33-gbb4131a2-0ubuntu1~16.04.1 running 'init-local' at Tue, 16 Jun 2020 22:57:19 +0000. Up 35.13 seconds.
[[0;32m  OK  [0m] Created slice system-getty.slice.
[[0;32m  OK  [0m] Started Initial cloud-init job (pre-networking).
[[0;32m  OK  [0m] Reached target Network (Pre).
[[0;32m  OK  [0m] Started Update UTMP about System Boot/Shutdown.
[[0;32m  OK  [0m] Started LSB: AppArmor initialization.
         Starting Raise network interfaces...
[[0;32m  OK  [0m] Started Raise network interfaces.
         Starting Initial cloud-init job (metadata service crawler)...
[[0;32m  OK  [0m] Reached target Network.
[   39.589397] cloud-init[947]: Cloud-init v. 19.4-33-gbb4131a2-0ubuntu1~16.04.1 running 'init' at Tue, 16 Jun 2020 22:57:22 +0000. Up 38.41 seconds.
[   39.736652] cloud-init[947]: ci-info: ++++++++++++++++++++++++++++++++++++++Net device info++++++++++++++++++++++++++++++++++++++
[[0;32m  OK  [0m] Started Initial cloud-init job (metadata service crawler).
[   39.880451] cloud-init[947]: ci-info: +--------+------+----------------------------+---------------+--------+-------------------+
[   40.088885] cloud-init[947]: ci-info: | Device |  Up  |          Address           |      Mask     | Scope  |     Hw-Address    |
[   40.089443] cloud-init[947]: ci-info: +--------+------+----------------------------+---------------+--------+-------------------+
[[0;32m  OK  [0m] Reached target Cloud-config availability.
[   40.090039] cloud-init[947]: ci-info: | enp0s3 | True |         10.0.2.15          | 255.255.255.0 | global | 02:da:92:60:70:7f |
[   40.449670] cloud-init[947]: ci-info: | enp0s3 | True | fe80::da:92ff:fe60:707f/64 |       .       |  link  | 02:da:92:60:70:7f |
[[0;32m  OK  [0m] Reached target Network is Online.
[   40.449809] cloud-init[947]: ci-info: |   lo   | True |         127.0.0.1          |   255.0.0.0   |  host  |         .         |
[   41.016776] cloud-init[947]: ci-info: |   lo   | True |          ::1/128           |       .       |  host  |         .         |
[   41.017146] cloud-init[947]: ci-info: +--------+------+----------------------------+---------------+--------+-------------------+
         Starting iSCSI initiator daemon (iscsid)...
[   41.017366] cloud-init[947]: ci-info: +++++++++++++++++++++++++++Route IPv4 info++++++++++++++++++++++++++++
[   41.445412] cloud-init[947]: ci-info: +-------+-------------+----------+---------------+-----------+-------+
[[0;32m  OK  [0m] Reached target System Initialization.
[[   41.445666] cloud-init[947]: ci-info: | Route | Destination | Gateway  |    Genmask    | Interface | Flags |
[   41.765412] cloud-init[947]: ci-info: +-------+-------------+----------+---------------+-----------+-------+
[0;32m  OK  [0m] Listening on UUID daemon activation socket.
[[   41.765554] cloud-init[947]: ci-info: |   0   |   0.0.0.0   | 10.0.2.2 |    0.0.0.0    |   enp0s3  |   UG  |
[   42.125337] cloud-init[947]: ci-info: |   1   |   10.0.2.0  | 0.0.0.0  | 255.255.255.0 |   enp0s3  |   U   |
[0;32m  OK  [0m] Started Message of the Day.
[   42.125518] cloud-init[947]: ci-info: +-------+-------------+----------+---------------+-----------+-------+
         [   42.451941] Starting LXD - unix socket.cloud-init
[947]: ci-info: +++++++++++++++++++Route IPv6 info+++++++++++++++++++
[   42.600501] cloud-init[947]: ci-info: +-------+-------------+---------+-----------+-------+
[   42.600963] cloud-init[947]: ci-info: | Route | Destination | Gateway | Interface | Flags |
[[0;32m  OK  [0m] Started ACPI Events Check.
[   42.601146] cloud-init[947]: ci-info: +-------+-------------+---------+-----------+-------+
[   42.910039] cloud-init[947]: ci-info: |   0   |  fe80::/64  |    ::   |   enp0s3  |   U   |
[[0;32m  OK  [0m] Reached target Paths.
[   42.910220] cloud-init[947]: ci-info: |   3   |   ff00::/8  |    ::   |   enp0s3  |   U   |
[   43.173570] cloud-init[947]: ci-info: +-------+-------------+---------+-----------+-------+
[[0;32m  OK  [0m] Started Daily apt download activities.
[[   43.174051] cloud-init[947]: Generating public/private rsa key pair.
[   43.462044] cloud-init[947]: Your identification has been saved in /etc/ssh/ssh_host_rsa_key.
[0;32m  OK  [0m] Started Daily apt upgrade and clean activities.
[   43.462302] cloud-init[947]: Your public key has been saved in /etc/ssh/ssh_host_rsa_key.pub.
         Starting Socket activation for snappy daemon.
[[0;32m  OK  [0m[   43.738114] ] cloud-initStarted Daily Cleanup of Temporary Directories.[947]: 
The key fingerprint is:
[   44.076960] cloud-init[947]: SHA256:AHHWtDyq7rxC9iMRkLXscnEvQYLdtH0rQHvVblUC9l4 root@ubuntu-xenial
[   44.077896] cloud-init[947]: The key's randomart image is:
[[0;32m  OK  [0m] Listening on ACPID Listen Socket.
[   44.078438] cloud-init[947]: +---[RSA 2048]----+
[   44.369413] cloud-init[947]: | =oo*.ooo.o....  |
[[0;32m  OK  [0m] Reached target Timers.
[   44.369566] cloud-init[947]: |+..=.B o.o....   |
[   44.513026] cloud-init[947]: | .+ * + =. .. E  |
[[0;32m  OK  [0m] Listening on D-Bus System Message Bus Socket.
[   44.513176] cloud-init[947]: | ..o = + oo. .   |
[   44.793368] cloud-init[947]: |. o.. + S.  .    |
[   44.793893] cloud-init[947]: | o+  o .         |
[[0;32m  OK  [0m] Listening on LXD - unix socket.
[   44.794064] cloud-init[947]: | o o.            |
[   44.985148] cloud-init[947]: |  ooo            |
[[0;32m  OK  [0m] Listening on Socket activation for snappy daemon.
[[   44.985375] cloud-init[947]: |   +=o           |
[   45.191064] cloud-init[947]: +----[SHA256]-----+
[0;32m  OK  [0m] Started iSCSI initiator daemon (iscsid).
[   45.191225] cloud-init[947]: Generating public/private dsa key pair.
[   45.453035] cloud-init[947]: Your identification has been saved in /etc/ssh/ssh_host_dsa_key.
[   45.453400] cloud-init[947]: Your public key has been saved in /etc/ssh/ssh_host_dsa_key.pub.
         Starting Login to default iSCSI targets...
[   45.453539] cloud-init[947]: The key fingerprint is:
[   45.745441] cloud-init[947]: SHA256:SBUXl9OUquocSF33DNFs087Pzhaw2MBbHzH4S+pCJmY root@ubuntu-xenial
[[0;32m  OK  [0m] Reached target Sockets.
[   45.745575] cloud-init[947]: The key's randomart image is:
[   45.988881] cloud-init[947]: +---[DSA 1024]----+
[[0;32m  OK  [0m] Reached target Basic System.
[   45.989071] cloud-init[947]: |        o.o.o*oo |
[   46.232462] cloud-init[947]: |       . . .ooBo.|
[   46.232953] cloud-init[947]: |      .   o o+.+o|
         Starting Login Service...
[   46.233180] cloud-init[947]: |     . o . +.* +o|
[   46.460520] cloud-init[947]: |      o S  .* O.+|
[   46.460966] cloud-init[947]: |     . . E.= + +o|
         Starting Snappy daemon...
[   46.461138] cloud-init[947]: |      . +.+ .  o.|
[   46.626110] cloud-init[947]: |       ... . .  +|
[   46.626639] cloud-init[947]: |       .o   .  . |
         Starting Virtualbox guest utils...
[   46.626883] cloud-init[947]: +----[SHA256]-----+
[   46.803505] cloud-init[947]: Generating public/private ecdsa key pair.
[   46.803896] cloud-init[947]: Your identification has been saved in /etc/ssh/ssh_host_ecdsa_key.
[[0;32m  OK  [0m] Started Deferred execution scheduler.
[   46.804161] cloud-init[947]: Your public key has been saved in /etc/ssh/ssh_host_ecdsa_key.pub.
[   46.940319] cloud-init[947]: The key fingerprint is:
[   46.940701] cloud-init[947]: SHA256:R28FlW4XImCZOhw9zVkKkOTRC3wqOyFMPvBB2Yx2hGg root@ubuntu-xenial
[[0;32m  OK  [0m] Started FUSE filesystem for LXC.
[   46.940892] cloud-init[947]: The key's randomart image is:
[   47.261046] cloud-init[947]: +---[ECDSA 256]---+
[   47.261445] cloud-init[947]: |  o.B.o+=+* +o.. |
         Starting LSB: Record successful boot for GRUB...
[   47.261633] cloud-init[947]: | E B +.=oB.=.o.. |
[   47.496651] cloud-init[947]: |. B o ..* +...o .|
[   47.497501] cloud-init[947]: |   * o = o . .o .|
         Starting System Logging Service...
[   47.497755] cloud-init[947]: |    o + S . o. . |
[   47.666947] cloud-init[947]: |     o   . .     |
[   47.667395] cloud-init[947]: |      .          |
[[0;32m  OK  [0m] Started Regular background program processing daemon.
[   47.667587] cloud-init[947]: |                 |
[   47.900724] cloud-init[947]: |                 |
[   47.901358] cloud-init[947]: +----[SHA256]-----+
         Starting /etc/rc.local Compatibility...
[   47.901567] cloud-init[947]: Generating public/private ed25519 key pair.
[   48.176658] cloud-init[947]: Your identification has been saved in /etc/ssh/ssh_host_ed25519_key.
[   48.177437] cloud-init[947]: Your public key has been saved in /etc/ssh/ssh_host_ed25519_key.pub.
[[0;32m  OK  [0m] Started ACPI event daemon.
[   48.177799] cloud-init[947]: The key fingerprint is:
[   48.476419] cloud-init[947]: SHA256:h626dAhyKkDc4co4xADG7CiUCwszzqZYmc09la2SceQ root@ubuntu-xenial
[   48.476835] cloud-init[947]: The key's randomart image is:
         Starting Accounts Service...
[   48.477033] cloud-init[947]: +--[ED25519 256]--+
[   48.779070] cloud-init[947]: |*...   ..o       |
[   48.779845] cloud-init[947]: |X=o . ..+ .      |
[[0;32m  OK  [0m] Started D-Bus System Message Bus.
[   48.780049] cloud-init[947]: |OO.B . =E.       |
[   49.025472] cloud-init[947]: |O*= o = .o       |
[   49.026252] cloud-init[947]: |O+. o  oS o      |
         Starting Pollinate to seed the pseudo random number generator...
[   49.026698] cloud-init[947]: |+. + . . o       |
         Starting LSB: MD monitoring daemon...
[   49.243035] cloud-init[947]: |. .   o o        |
         Starting LXD - container startup/shutdown...
[   49.347755] cloud-init[947]: | .   . o         |
[   49.349117] cloud-init[947]: |      o.         |
[   49.508439] [cloud-init[0;32m  OK  [0m[947]: ] +----[SHA256]-----+Started Snappy daemon.

[[0;32m  OK  [0m] Started System Logging Service.
[[0;32m  OK  [0m] Started /etc/rc.local Compatibility.
[[0;32m  OK  [0m] Started Pollinate to seed the pseudo random number generator.
[[0;32m  OK  [0m] Started LXD - container startup/shutdown.
[[0;32m  OK  [0m] Started LSB: Record successful boot for GRUB.
[[0;32m  OK  [0m] Started LSB: MD monitoring daemon.
[[0;32m  OK  [0m] Started Virtualbox guest utils.
[[0;32m  OK  [0m] Started Login to default iSCSI targets.
[[0;32m  OK  [0m] Started Login Service.
[[0;32m  OK  [0m] Started Unattended Upgrades Shutdown.
[[0;32m  OK  [0m] Reached target Remote File Systems (Pre).
[[0;32m  OK  [0m] Reached target Remote File Systems.
         Starting LSB: Set the CPU Frequency Scaling governor to "ondemand"...
         Starting Permit User Sessions...
         Starting LSB: automatic crash report generation...
         Starting LSB: daemon to balance interrupts for SMP systems...
         Starting Authenticate and Authorize Users to Run Privileged Tasks...
         Starting OpenBSD Secure Shell server...
         Starting Wait until snapd is fully seeded...
[[0;32m  OK  [0m] Started Permit User Sessions.
[[0;32m  OK  [0m] Started Wait until snapd is fully seeded.
[[0;32m  OK  [0m] Started OpenBSD Secure Shell server.
[[0;32m  OK  [0m] Started Authenticate and Authorize Users to Run Privileged Tasks.
[[0;32m  OK  [0m] Started Accounts Service.
         Starting Apply the settings specified in cloud-config...
         Starting Hold until boot process finishes up...
         Starting Terminate Plymouth Boot Screen...
[[0;32m  OK  [0m] Started LSB: Set the CPU Frequency Scaling governor to "ondemand".
[[0;32m  OK  [0m] Started LSB: automatic crash report generation.
[[0;32m  OK  [0m] Started LSB: daemon to balance interrupts for SMP systems.
[[0;32m  OK  [0m] Started Hold until boot process finishes up.
[   51.986220] cloud-init[1270]: Generating locales (this might take a while)...
[[0;32m  OK  [0m] Started Terminate Plymouth Boot Screen.
[[0;32m  OK  [0m] Started Getty on tty1.
         Starting Set console scheme...
[[0;32m  OK  [0m] Started Serial Getty on ttyS0.
[[0;32m  OK  [0m] Reached target Login Prompts.
[[0;32m  OK  [0m] Reached target Multi-User System.
[[0;32m  OK  [0m] Reached target Graphical Interface.
         Starting Update UTMP about System Runlevel Changes...
[[0;32m  OK  [0m] Started Set console scheme.
[[0;32m  OK  [0m] Started Update UTMP about System Runlevel Changes.
[   53.110784] cloud-init[1270]:   en_US.UTF-8... done
[   53.173351] cloud-init[1270]: Generation complete.
[   53.657790] cloud-init[1270]: Cloud-init v. 19.4-33-gbb4131a2-0ubuntu1~16.04.1 running 'modules:config' at Tue, 16 Jun 2020 22:57:35 +0000. Up 51.86 seconds.
[[0;32m  OK  [0m] Started Apply the settings specified in cloud-config.
         Starting Execute cloud user/final scripts...
ci-info: no authorized SSH keys fingerprints found for user ubuntu.
<14>Jun 16 22:57:38 ec2: 
<14>Jun 16 22:57:38 ec2: #############################################################
<14>Jun 16 22:57:38 ec2: -----BEGIN SSH HOST KEY FINGERPRINTS-----
<14>Jun 16 22:57:38 ec2: 1024 SHA256:SBUXl9OUquocSF33DNFs087Pzhaw2MBbHzH4S+pCJmY root@ubuntu-xenial (DSA)
<14>Jun 16 22:57:38 ec2: 256 SHA256:R28FlW4XImCZOhw9zVkKkOTRC3wqOyFMPvBB2Yx2hGg root@ubuntu-xenial (ECDSA)
<14>Jun 16 22:57:38 ec2: 256 SHA256:h626dAhyKkDc4co4xADG7CiUCwszzqZYmc09la2SceQ root@ubuntu-xenial (ED25519)
<14>Jun 16 22:57:38 ec2: 2048 SHA256:AHHWtDyq7rxC9iMRkLXscnEvQYLdtH0rQHvVblUC9l4 root@ubuntu-xenial (RSA)
<14>Jun 16 22:57:38 ec2: -----END SSH HOST KEY FINGERPRINTS-----
<14>Jun 16 22:57:38 ec2: #############################################################
-----BEGIN SSH HOST KEY KEYS-----
ecdsa-sha2-nistp256 AAAAE2VjZHNhLXNoYTItbmlzdHAyNTYAAAAIbmlzdHAyNTYAAABBBGLnOjgt4kj/2ZDWRfbhozVbblQdoFj7FrnR1oJn6dJ2kreBbXz93hehvalB2g763kr0CH25YqqnlfsaQWbbFco= root@ubuntu-xenial
ssh-ed25519 AAAAC3NzaC1lZDI1NTE5AAAAIGWCoA+8zYcMKB61aRY5Y8W8wd3qeltvJGUX/clNBlMh root@ubuntu-xenial
ssh-rsa AAAAB3NzaC1yc2EAAAADAQABAAABAQCuRkKFjio1KtuxaHIwOED6I4ddhiL7r/6p6O2USSqteo5Xn0qxoX/NLw3hAcNWX5/ooMyzVDGS/lOR6CPT9KKJddWdwcAvDWFRsEEhPkKkPtIEOGC+1PJDH0H8/iJUvAnk9e+VzzTW+pVaMuT1Vm6Vquk0yhWpFhBeHDpBf+dE76EOVGglai24QQX45COrPzmGvaE/9+tcsaiFwq+oRRiMP7w+VEiaH5Tqmcw9yMuUztYe0spjoKyg7R6UtSGPKKobQUMDj8aU6utoxYXQ+AMMO4Mm5dUX6wu3MvWQ+0BEdwqKFvQfD5NCSPX9ZR72yIwGrs1j2PbtAi0q9K/Sp4JL root@ubuntu-xenial
-----END SSH HOST KEY KEYS-----
[   55.946302] cloud-init[1340]: Cloud-init v. 19.4-33-gbb4131a2-0ubuntu1~16.04.1 running 'modules:final' at Tue, 16 Jun 2020 22:57:38 +0000. Up 54.42 seconds.
[   56.109250] cloud-init[1340]: ci-info: no authorized SSH keys fingerprints found for user ubuntu.
[   56.109626] cloud-init[1340]: Cloud-init v. 19.4-33-gbb4131a2-0ubuntu1~16.04.1 finished at Tue, 16 Jun 2020 22:57:39 +0000. Datasource DataSourceNoCloud [seed=/dev/sdb][dsmode=net].  Up 55.93 seconds
[[0;32m  OK  [0m] Started Execute cloud user/final scripts.
[[0;32m  OK  [0m] Reached target Cloud-init target.

Ubuntu 16.04.6 LTS ubuntu-xenial ttyS0

ubuntu-xenial login: 